2021/12/11 13:23:34 [notice] 1#1: using the "epoll" event method
2021/12/11 13:23:34 [notice] 1#1: nginx/1.21.3
2021/12/11 13:23:34 [notice] 1#1: built by gcc 8.3.0 (Debian 8.3.0-6) 
2021/12/11 13:23:34 [notice] 1#1: OS: Linux 5.10.60.1-microsoft-standard-WSL2
2021/12/11 13:23:34 [notice] 1#1: getrlimit(RLIMIT_NOFILE): 1048576:1048576
2021/12/11 13:23:34 [notice] 1#1: start worker processes
2021/12/11 13:23:34 [notice] 1#1: start worker process 23
2021/12/11 13:23:34 [notice] 1#1: start worker process 24
2021/12/11 13:23:34 [notice] 1#1: start worker process 25
2021/12/11 13:23:34 [notice] 1#1: start worker process 26
2021/12/11 13:23:34 [notice] 1#1: start worker process 27
2021/12/11 13:23:34 [notice] 1#1: start worker process 28
2021/12/11 13:23:34 [notice] 1#1: start worker process 29
2021/12/11 13:23:34 [notice] 1#1: start worker process 30
2021/12/11 13:23:34 [notice] 1#1: start worker process 31
2021/12/11 13:23:34 [notice] 1#1: start worker process 32
2021/12/11 13:23:34 [notice] 1#1: start worker process 33
2021/12/11 13:23:34 [notice] 1#1: start worker process 34
2021/12/11 15:15:30 [notice] 1#1: signal 3 (SIGQUIT) received, shutting down
2021/12/11 15:15:30 [notice] 23#23: gracefully shutting down
2021/12/11 15:15:30 [notice] 27#27: gracefully shutting down
2021/12/11 15:15:30 [notice] 26#26: gracefully shutting down
2021/12/11 15:15:30 [notice] 26#26: exiting
2021/12/11 15:15:30 [notice] 23#23: exiting
2021/12/11 15:15:30 [notice] 30#30: gracefully shutting down
2021/12/11 15:15:30 [notice] 29#29: gracefully shutting down
2021/12/11 15:15:30 [notice] 32#32: gracefully shutting down
2021/12/11 15:15:30 [notice] 25#25: gracefully shutting down
2021/12/11 15:15:30 [notice] 34#34: gracefully shutting down
2021/12/11 15:15:30 [notice] 31#31: gracefully shutting down
2021/12/11 15:15:30 [notice] 24#24: gracefully shutting down
2021/12/11 15:15:30 [notice] 31#31: exiting
2021/12/11 15:15:30 [notice] 27#27: exiting
2021/12/11 15:15:30 [notice] 32#32: exiting
2021/12/11 15:15:30 [notice] 33#33: gracefully shutting down
2021/12/11 15:15:30 [notice] 28#28: gracefully shutting down
2021/12/11 15:15:30 [notice] 30#30: exiting
2021/12/11 15:15:30 [notice] 23#23: exit
2021/12/11 15:15:30 [notice] 29#29: exiting
2021/12/11 15:15:30 [notice] 26#26: exit
2021/12/11 15:15:30 [notice] 34#34: exiting
2021/12/11 15:15:30 [notice] 25#25: exiting
2021/12/11 15:15:30 [notice] 31#31: exit
2021/12/11 15:15:30 [notice] 27#27: exit
2021/12/11 15:15:30 [notice] 32#32: exit
2021/12/11 15:15:30 [notice] 24#24: exiting
2021/12/11 15:15:30 [notice] 33#33: exiting
2021/12/11 15:15:30 [notice] 30#30: exit
2021/12/11 15:15:30 [notice] 28#28: exiting
2021/12/11 15:15:30 [notice] 29#29: exit
2021/12/11 15:15:30 [notice] 34#34: exit
2021/12/11 15:15:30 [notice] 25#25: exit
2021/12/11 15:15:30 [notice] 24#24: exit
2021/12/11 15:15:30 [notice] 33#33: exit
2021/12/11 15:15:30 [notice] 28#28: exit
2021/12/11 15:15:31 [notice] 1#1: signal 17 (SIGCHLD) received from 29
2021/12/11 15:15:31 [notice] 1#1: worker process 26 exited with code 0
2021/12/11 15:15:31 [notice] 1#1: worker process 24 exited with code 0
2021/12/11 15:15:31 [notice] 1#1: worker process 29 exited with code 0
2021/12/11 15:15:31 [notice] 1#1: worker process 30 exited with code 0
2021/12/11 15:15:31 [notice] 1#1: worker process 31 exited with code 0
2021/12/11 15:15:31 [notice] 1#1: worker process 34 exited with code 0
2021/12/11 15:15:31 [notice] 1#1: signal 29 (SIGIO) received
2021/12/11 15:15:31 [notice] 1#1: signal 17 (SIGCHLD) received from 31
2021/12/11 15:15:31 [notice] 1#1: signal 17 (SIGCHLD) received from 27
2021/12/11 15:15:31 [notice] 1#1: worker process 23 exited with code 0
2021/12/11 15:15:31 [notice] 1#1: worker process 25 exited with code 0
2021/12/11 15:15:31 [notice] 1#1: worker process 27 exited with code 0
2021/12/11 15:15:31 [notice] 1#1: worker process 33 exited with code 0
2021/12/11 15:15:31 [notice] 1#1: signal 29 (SIGIO) received
2021/12/11 15:15:31 [notice] 1#1: signal 17 (SIGCHLD) received from 33
2021/12/11 15:15:31 [notice] 1#1: signal 17 (SIGCHLD) received from 28
2021/12/11 15:15:31 [notice] 1#1: worker process 28 exited with code 0
2021/12/11 15:15:31 [notice] 1#1: signal 29 (SIGIO) received
2021/12/11 15:15:31 [notice] 1#1: signal 17 (SIGCHLD) received from 32
2021/12/11 15:15:31 [notice] 1#1: worker process 32 exited with code 0
2021/12/11 15:15:31 [notice] 1#1: exit
2021/12/11 15:16:13 [notice] 1#1: using the "epoll" event method
2021/12/11 15:16:13 [notice] 1#1: nginx/1.21.3
2021/12/11 15:16:13 [notice] 1#1: built by gcc 8.3.0 (Debian 8.3.0-6) 
2021/12/11 15:16:13 [notice] 1#1: OS: Linux 5.10.60.1-microsoft-standard-WSL2
2021/12/11 15:16:13 [notice] 1#1: getrlimit(RLIMIT_NOFILE): 1048576:1048576
2021/12/11 15:16:13 [notice] 1#1: start worker processes
2021/12/11 15:16:13 [notice] 1#1: start worker process 23
2021/12/11 15:16:13 [notice] 1#1: start worker process 24
2021/12/11 15:16:13 [notice] 1#1: start worker process 25
2021/12/11 15:16:13 [notice] 1#1: start worker process 26
2021/12/11 15:16:13 [notice] 1#1: start worker process 27
2021/12/11 15:16:13 [notice] 1#1: start worker process 28
2021/12/11 15:16:13 [notice] 1#1: start worker process 29
2021/12/11 15:16:13 [notice] 1#1: start worker process 30
2021/12/11 15:16:13 [notice] 1#1: start worker process 31
2021/12/11 15:16:13 [notice] 1#1: start worker process 32
2021/12/11 15:16:13 [notice] 1#1: start worker process 33
2021/12/11 15:16:13 [notice] 1#1: start worker process 34
2021/12/12 16:32:25 [notice] 1#1: using the "epoll" event method
2021/12/12 16:32:25 [notice] 1#1: nginx/1.21.3
2021/12/12 16:32:25 [notice] 1#1: built by gcc 8.3.0 (Debian 8.3.0-6) 
2021/12/12 16:32:25 [notice] 1#1: OS: Linux 5.10.60.1-microsoft-standard-WSL2
2021/12/12 16:32:25 [notice] 1#1: getrlimit(RLIMIT_NOFILE): 1048576:1048576
2021/12/12 16:32:25 [notice] 1#1: start worker processes
2021/12/12 16:32:25 [notice] 1#1: start worker process 22
2021/12/12 16:32:25 [notice] 1#1: start worker process 23
2021/12/12 16:32:25 [notice] 1#1: start worker process 24
2021/12/12 16:32:25 [notice] 1#1: start worker process 25
2021/12/12 16:32:25 [notice] 1#1: start worker process 26
2021/12/12 16:32:25 [notice] 1#1: start worker process 27
2021/12/12 16:32:25 [notice] 1#1: start worker process 28
2021/12/12 16:32:25 [notice] 1#1: start worker process 29
2021/12/12 16:32:25 [notice] 1#1: start worker process 30
2021/12/12 16:32:25 [notice] 1#1: start worker process 31
2021/12/12 16:32:25 [notice] 1#1: start worker process 32
2021/12/12 16:32:25 [notice] 1#1: start worker process 33
2021/12/12 16:54:38 [notice] 1#1: signal 3 (SIGQUIT) received, shutting down
2021/12/12 16:54:38 [notice] 22#22: gracefully shutting down
2021/12/12 16:54:38 [notice] 29#29: gracefully shutting down
2021/12/12 16:54:38 [notice] 23#23: gracefully shutting down
2021/12/12 16:54:38 [notice] 24#24: gracefully shutting down
2021/12/12 16:54:38 [notice] 25#25: gracefully shutting down
2021/12/12 16:54:38 [notice] 25#25: exiting
2021/12/12 16:54:38 [notice] 26#26: gracefully shutting down
2021/12/12 16:54:38 [notice] 27#27: gracefully shutting down
2021/12/12 16:54:38 [notice] 28#28: gracefully shutting down
2021/12/12 16:54:38 [notice] 30#30: gracefully shutting down
2021/12/12 16:54:38 [notice] 31#31: gracefully shutting down
2021/12/12 16:54:38 [notice] 31#31: exiting
2021/12/12 16:54:38 [notice] 32#32: gracefully shutting down
2021/12/12 16:54:38 [notice] 33#33: gracefully shutting down
2021/12/12 16:54:38 [notice] 22#22: exiting
2021/12/12 16:54:38 [notice] 29#29: exiting
2021/12/12 16:54:38 [notice] 23#23: exiting
2021/12/12 16:54:38 [notice] 24#24: exiting
2021/12/12 16:54:38 [notice] 25#25: exit
2021/12/12 16:54:38 [notice] 26#26: exiting
2021/12/12 16:54:38 [notice] 27#27: exiting
2021/12/12 16:54:38 [notice] 28#28: exiting
2021/12/12 16:54:38 [notice] 30#30: exiting
2021/12/12 16:54:38 [notice] 31#31: exit
2021/12/12 16:54:38 [notice] 32#32: exiting
2021/12/12 16:54:38 [notice] 33#33: exiting
2021/12/12 16:54:38 [notice] 33#33: exit
2021/12/12 16:54:38 [notice] 22#22: exit
2021/12/12 16:54:38 [notice] 29#29: exit
2021/12/12 16:54:38 [notice] 23#23: exit
2021/12/12 16:54:38 [notice] 24#24: exit
2021/12/12 16:54:38 [notice] 26#26: exit
2021/12/12 16:54:38 [notice] 27#27: exit
2021/12/12 16:54:38 [notice] 28#28: exit
2021/12/12 16:54:38 [notice] 30#30: exit
2021/12/12 16:54:38 [notice] 32#32: exit
2021/12/12 16:54:38 [notice] 1#1: signal 17 (SIGCHLD) received from 25
2021/12/12 16:54:38 [notice] 1#1: worker process 23 exited with code 0
2021/12/12 16:54:38 [notice] 1#1: worker process 25 exited with code 0
2021/12/12 16:54:38 [notice] 1#1: worker process 32 exited with code 0
2021/12/12 16:54:38 [notice] 1#1: signal 29 (SIGIO) received
2021/12/12 16:54:38 [notice] 1#1: signal 17 (SIGCHLD) received from 32
2021/12/12 16:54:38 [notice] 1#1: signal 17 (SIGCHLD) received from 30
2021/12/12 16:54:38 [notice] 1#1: worker process 24 exited with code 0
2021/12/12 16:54:38 [notice] 1#1: worker process 28 exited with code 0
2021/12/12 16:54:38 [notice] 1#1: worker process 30 exited with code 0
2021/12/12 16:54:38 [notice] 1#1: signal 29 (SIGIO) received
2021/12/12 16:54:38 [notice] 1#1: signal 17 (SIGCHLD) received from 33
2021/12/12 16:54:38 [notice] 1#1: worker process 26 exited with code 0
2021/12/12 16:54:38 [notice] 1#1: worker process 33 exited with code 0
2021/12/12 16:54:38 [notice] 1#1: signal 29 (SIGIO) received
2021/12/12 16:54:39 [notice] 1#1: signal 17 (SIGCHLD) received from 22
2021/12/12 16:54:39 [notice] 1#1: worker process 22 exited with code 0
2021/12/12 16:54:39 [notice] 1#1: signal 29 (SIGIO) received
2021/12/12 16:54:39 [notice] 1#1: signal 17 (SIGCHLD) received from 31
2021/12/12 16:54:39 [notice] 1#1: worker process 27 exited with code 0
2021/12/12 16:54:39 [notice] 1#1: worker process 31 exited with code 0
2021/12/12 16:54:39 [notice] 1#1: signal 29 (SIGIO) received
2021/12/12 16:54:39 [notice] 1#1: signal 17 (SIGCHLD) received from 29
2021/12/12 16:54:39 [notice] 1#1: worker process 29 exited with code 0
2021/12/12 16:54:39 [notice] 1#1: exit
2021/12/12 18:19:29 [notice] 1#1: using the "epoll" event method
2021/12/12 18:19:29 [notice] 1#1: nginx/1.21.3
2021/12/12 18:19:29 [notice] 1#1: built by gcc 8.3.0 (Debian 8.3.0-6) 
2021/12/12 18:19:29 [notice] 1#1: OS: Linux 5.10.60.1-microsoft-standard-WSL2
2021/12/12 18:19:29 [notice] 1#1: getrlimit(RLIMIT_NOFILE): 1048576:1048576
2021/12/12 18:19:29 [notice] 1#1: start worker processes
2021/12/12 18:19:29 [notice] 1#1: start worker process 22
2021/12/12 18:19:29 [notice] 1#1: start worker process 23
2021/12/12 18:19:29 [notice] 1#1: start worker process 24
2021/12/12 18:19:29 [notice] 1#1: start worker process 25
2021/12/12 18:19:29 [notice] 1#1: start worker process 26
2021/12/12 18:19:29 [notice] 1#1: start worker process 27
2021/12/12 18:19:29 [notice] 1#1: start worker process 28
2021/12/12 18:19:29 [notice] 1#1: start worker process 29
2021/12/12 18:19:29 [notice] 1#1: start worker process 30
2021/12/12 18:19:29 [notice] 1#1: start worker process 31
2021/12/12 18:19:29 [notice] 1#1: start worker process 32
2021/12/12 18:19:29 [notice] 1#1: start worker process 33
2021/12/12 22:10:55 [notice] 1#1: using the "epoll" event method
2021/12/12 22:10:55 [notice] 1#1: nginx/1.21.3
2021/12/12 22:10:55 [notice] 1#1: built by gcc 8.3.0 (Debian 8.3.0-6) 
2021/12/12 22:10:55 [notice] 1#1: OS: Linux 5.10.60.1-microsoft-standard-WSL2
2021/12/12 22:10:55 [notice] 1#1: getrlimit(RLIMIT_NOFILE): 1048576:1048576
2021/12/12 22:10:55 [notice] 1#1: start worker processes
2021/12/12 22:10:55 [notice] 1#1: start worker process 22
2021/12/12 22:10:55 [notice] 1#1: start worker process 23
2021/12/12 22:10:55 [notice] 1#1: start worker process 24
2021/12/12 22:10:55 [notice] 1#1: start worker process 25
2021/12/12 22:10:55 [notice] 1#1: start worker process 26
2021/12/12 22:10:55 [notice] 1#1: start worker process 27
2021/12/12 22:10:55 [notice] 1#1: start worker process 28
2021/12/12 22:10:55 [notice] 1#1: start worker process 29
2021/12/12 22:10:55 [notice] 1#1: start worker process 30
2021/12/12 22:10:55 [notice] 1#1: start worker process 31
2021/12/12 22:10:55 [notice] 1#1: start worker process 32
2021/12/12 22:10:55 [notice] 1#1: start worker process 33
2021/12/13 09:46:52 [notice] 1#1: using the "epoll" event method
2021/12/13 09:46:52 [notice] 1#1: nginx/1.21.4
2021/12/13 09:46:52 [notice] 1#1: built by gcc 10.2.1 20210110 (Debian 10.2.1-6) 
2021/12/13 09:46:52 [notice] 1#1: OS: Linux 5.11.0-41-generic
2021/12/13 09:46:52 [notice] 1#1: getrlimit(RLIMIT_NOFILE): 1048576:1048576
2021/12/13 09:46:52 [notice] 1#1: start worker processes
2021/12/13 09:46:52 [notice] 1#1: start worker process 22
2021/12/13 09:46:52 [notice] 1#1: start worker process 23
2021/12/13 09:46:52 [notice] 1#1: start worker process 24
2021/12/13 09:46:52 [notice] 1#1: start worker process 25
2021/12/13 09:48:33 [notice] 1#1: signal 3 (SIGQUIT) received, shutting down
2021/12/13 09:48:33 [notice] 22#22: gracefully shutting down
2021/12/13 09:48:33 [notice] 24#24: gracefully shutting down
2021/12/13 09:48:33 [notice] 22#22: exiting
2021/12/13 09:48:33 [notice] 24#24: exiting
2021/12/13 09:48:33 [notice] 22#22: exit
2021/12/13 09:48:33 [notice] 24#24: exit
2021/12/13 09:48:33 [notice] 23#23: gracefully shutting down
2021/12/13 09:48:33 [notice] 23#23: exiting
2021/12/13 09:48:33 [notice] 23#23: exit
2021/12/13 09:48:33 [notice] 25#25: gracefully shutting down
2021/12/13 09:48:33 [notice] 25#25: exiting
2021/12/13 09:48:33 [notice] 25#25: exit
2021/12/13 09:48:33 [notice] 1#1: signal 17 (SIGCHLD) received from 22
2021/12/13 09:48:33 [notice] 1#1: worker process 22 exited with code 0
2021/12/13 09:48:33 [notice] 1#1: worker process 24 exited with code 0
2021/12/13 09:48:33 [notice] 1#1: signal 29 (SIGIO) received
2021/12/13 09:48:33 [notice] 1#1: signal 17 (SIGCHLD) received from 24
2021/12/13 09:48:33 [notice] 1#1: signal 17 (SIGCHLD) received from 23
2021/12/13 09:48:33 [notice] 1#1: worker process 23 exited with code 0
2021/12/13 09:48:33 [notice] 1#1: signal 29 (SIGIO) received
2021/12/13 09:48:33 [notice] 1#1: signal 17 (SIGCHLD) received from 25
2021/12/13 09:48:33 [notice] 1#1: worker process 25 exited with code 0
2021/12/13 09:48:33 [notice] 1#1: exit
2021/12/13 09:48:44 [notice] 1#1: using the "epoll" event method
2021/12/13 09:48:44 [notice] 1#1: nginx/1.21.4
2021/12/13 09:48:44 [notice] 1#1: built by gcc 10.2.1 20210110 (Debian 10.2.1-6) 
2021/12/13 09:48:44 [notice] 1#1: OS: Linux 5.11.0-41-generic
2021/12/13 09:48:44 [notice] 1#1: getrlimit(RLIMIT_NOFILE): 1048576:1048576
2021/12/13 09:48:44 [notice] 1#1: start worker processes
2021/12/13 09:48:44 [notice] 1#1: start worker process 22
2021/12/13 09:48:44 [notice] 1#1: start worker process 23
2021/12/13 09:48:44 [notice] 1#1: start worker process 24
2021/12/13 09:48:44 [notice] 1#1: start worker process 25
2021/12/13 09:48:56 [notice] 1#1: signal 3 (SIGQUIT) received, shutting down
2021/12/13 09:48:56 [notice] 25#25: gracefully shutting down
2021/12/13 09:48:56 [notice] 25#25: exiting
2021/12/13 09:48:56 [notice] 25#25: exit
2021/12/13 09:48:56 [notice] 22#22: gracefully shutting down
2021/12/13 09:48:56 [notice] 22#22: exiting
2021/12/13 09:48:56 [notice] 22#22: exit
2021/12/13 09:48:56 [notice] 23#23: gracefully shutting down
2021/12/13 09:48:56 [notice] 23#23: exiting
2021/12/13 09:48:56 [notice] 23#23: exit
2021/12/13 09:48:56 [notice] 24#24: gracefully shutting down
2021/12/13 09:48:56 [notice] 24#24: exiting
2021/12/13 09:48:56 [notice] 24#24: exit
2021/12/13 09:48:56 [notice] 1#1: signal 17 (SIGCHLD) received from 25
2021/12/13 09:48:56 [notice] 1#1: worker process 23 exited with code 0
2021/12/13 09:48:56 [notice] 1#1: worker process 24 exited with code 0
2021/12/13 09:48:56 [notice] 1#1: worker process 25 exited with code 0
2021/12/13 09:48:56 [notice] 1#1: signal 29 (SIGIO) received
2021/12/13 09:48:56 [notice] 1#1: signal 17 (SIGCHLD) received from 23
2021/12/13 09:48:56 [notice] 1#1: signal 17 (SIGCHLD) received from 22
2021/12/13 09:48:56 [notice] 1#1: worker process 22 exited with code 0
2021/12/13 09:48:56 [notice] 1#1: exit
2021/12/13 09:49:13 [notice] 1#1: using the "epoll" event method
2021/12/13 09:49:13 [notice] 1#1: nginx/1.21.4
2021/12/13 09:49:13 [notice] 1#1: built by gcc 10.2.1 20210110 (Debian 10.2.1-6) 
2021/12/13 09:49:13 [notice] 1#1: OS: Linux 5.11.0-41-generic
2021/12/13 09:49:13 [notice] 1#1: getrlimit(RLIMIT_NOFILE): 1048576:1048576
2021/12/13 09:49:13 [notice] 1#1: start worker processes
2021/12/13 09:49:13 [notice] 1#1: start worker process 22
2021/12/13 09:49:13 [notice] 1#1: start worker process 23
2021/12/13 09:49:13 [notice] 1#1: start worker process 24
2021/12/13 09:49:13 [notice] 1#1: start worker process 25
2021/12/13 13:01:14 [notice] 1#1: signal 3 (SIGQUIT) received, shutting down
2021/12/13 13:01:14 [notice] 22#22: gracefully shutting down
2021/12/13 13:01:14 [notice] 22#22: exiting
2021/12/13 13:01:14 [notice] 23#23: gracefully shutting down
2021/12/13 13:01:14 [notice] 23#23: exiting
2021/12/13 13:01:14 [notice] 22#22: exit
2021/12/13 13:01:14 [notice] 23#23: exit
2021/12/13 13:01:14 [notice] 24#24: gracefully shutting down
2021/12/13 13:01:14 [notice] 24#24: exiting
2021/12/13 13:01:14 [notice] 24#24: exit
2021/12/13 13:01:14 [notice] 25#25: gracefully shutting down
2021/12/13 13:01:14 [notice] 25#25: exiting
2021/12/13 13:01:14 [notice] 25#25: exit
2021/12/13 13:01:14 [notice] 1#1: signal 17 (SIGCHLD) received from 24
2021/12/13 13:01:14 [notice] 1#1: worker process 23 exited with code 0
2021/12/13 13:01:14 [notice] 1#1: worker process 24 exited with code 0
2021/12/13 13:01:14 [notice] 1#1: signal 29 (SIGIO) received
2021/12/13 13:01:14 [notice] 1#1: signal 17 (SIGCHLD) received from 25
2021/12/13 13:01:14 [notice] 1#1: worker process 25 exited with code 0
2021/12/13 13:01:14 [notice] 1#1: signal 29 (SIGIO) received
2021/12/13 13:01:14 [notice] 1#1: signal 17 (SIGCHLD) received from 22
2021/12/13 13:01:14 [notice] 1#1: worker process 22 exited with code 0
2021/12/13 13:01:14 [notice] 1#1: exit
2021/12/13 13:02:05 [notice] 1#1: using the "epoll" event method
2021/12/13 13:02:05 [notice] 1#1: nginx/1.21.4
2021/12/13 13:02:05 [notice] 1#1: built by gcc 10.2.1 20210110 (Debian 10.2.1-6) 
2021/12/13 13:02:05 [notice] 1#1: OS: Linux 5.11.0-41-generic
2021/12/13 13:02:05 [notice] 1#1: getrlimit(RLIMIT_NOFILE): 1048576:1048576
2021/12/13 13:02:05 [notice] 1#1: start worker processes
2021/12/13 13:02:05 [notice] 1#1: start worker process 22
2021/12/13 13:02:05 [notice] 1#1: start worker process 23
2021/12/13 13:02:05 [notice] 1#1: start worker process 24
2021/12/13 13:02:05 [notice] 1#1: start worker process 25
2021/12/13 13:03:02 [notice] 1#1: signal 3 (SIGQUIT) received, shutting down
2021/12/13 13:03:02 [notice] 22#22: gracefully shutting down
2021/12/13 13:03:02 [notice] 23#23: gracefully shutting down
2021/12/13 13:03:02 [notice] 22#22: exiting
2021/12/13 13:03:02 [notice] 24#24: gracefully shutting down
2021/12/13 13:03:02 [notice] 22#22: exit
2021/12/13 13:03:02 [notice] 24#24: exiting
2021/12/13 13:03:02 [notice] 23#23: exiting
2021/12/13 13:03:02 [notice] 24#24: exit
2021/12/13 13:03:02 [notice] 23#23: exit
2021/12/13 13:03:02 [notice] 25#25: gracefully shutting down
2021/12/13 13:03:02 [notice] 25#25: exiting
2021/12/13 13:03:02 [notice] 25#25: exit
2021/12/13 13:03:02 [notice] 1#1: signal 17 (SIGCHLD) received from 23
2021/12/13 13:03:02 [notice] 1#1: worker process 23 exited with code 0
2021/12/13 13:03:02 [notice] 1#1: signal 29 (SIGIO) received
2021/12/13 13:03:02 [notice] 1#1: signal 17 (SIGCHLD) received from 25
2021/12/13 13:03:02 [notice] 1#1: worker process 25 exited with code 0
2021/12/13 13:03:02 [notice] 1#1: signal 29 (SIGIO) received
2021/12/13 13:03:02 [notice] 1#1: signal 17 (SIGCHLD) received from 24
2021/12/13 13:03:02 [notice] 1#1: worker process 24 exited with code 0
2021/12/13 13:03:02 [notice] 1#1: signal 29 (SIGIO) received
2021/12/13 13:03:02 [notice] 1#1: signal 17 (SIGCHLD) received from 22
2021/12/13 13:03:02 [notice] 1#1: worker process 22 exited with code 0
2021/12/13 13:03:02 [notice] 1#1: exit
2021/12/13 13:16:32 [notice] 1#1: using the "epoll" event method
2021/12/13 13:16:32 [notice] 1#1: nginx/1.21.4
2021/12/13 13:16:32 [notice] 1#1: built by gcc 10.2.1 20210110 (Debian 10.2.1-6) 
2021/12/13 13:16:32 [notice] 1#1: OS: Linux 5.11.0-41-generic
2021/12/13 13:16:32 [notice] 1#1: getrlimit(RLIMIT_NOFILE): 1048576:1048576
2021/12/13 13:16:32 [notice] 1#1: start worker processes
2021/12/13 13:16:32 [notice] 1#1: start worker process 22
2021/12/13 13:16:32 [notice] 1#1: start worker process 23
2021/12/13 13:16:32 [notice] 1#1: start worker process 24
2021/12/13 13:16:32 [notice] 1#1: start worker process 25
2021/12/13 16:55:35 [notice] 1#1: signal 3 (SIGQUIT) received, shutting down
2021/12/13 16:55:35 [notice] 24#24: gracefully shutting down
2021/12/13 16:55:35 [notice] 23#23: gracefully shutting down
2021/12/13 16:55:35 [notice] 25#25: gracefully shutting down
2021/12/13 16:55:35 [notice] 24#24: exiting
2021/12/13 16:55:35 [notice] 23#23: exiting
2021/12/13 16:55:35 [notice] 25#25: exiting
2021/12/13 16:55:35 [notice] 24#24: exit
2021/12/13 16:55:35 [notice] 23#23: exit
2021/12/13 16:55:35 [notice] 25#25: exit
2021/12/13 16:55:35 [notice] 22#22: gracefully shutting down
2021/12/13 16:55:35 [notice] 22#22: exiting
2021/12/13 16:55:35 [notice] 22#22: exit
2021/12/13 16:55:35 [notice] 1#1: signal 17 (SIGCHLD) received from 25
2021/12/13 16:55:35 [notice] 1#1: worker process 25 exited with code 0
2021/12/13 16:55:35 [notice] 1#1: signal 29 (SIGIO) received
2021/12/13 16:55:35 [notice] 1#1: signal 17 (SIGCHLD) received from 23
2021/12/13 16:55:35 [notice] 1#1: worker process 23 exited with code 0
2021/12/13 16:55:35 [notice] 1#1: signal 29 (SIGIO) received
2021/12/13 16:55:35 [notice] 1#1: signal 17 (SIGCHLD) received from 22
2021/12/13 16:55:35 [notice] 1#1: worker process 22 exited with code 0
2021/12/13 16:55:35 [notice] 1#1: worker process 24 exited with code 0
2021/12/13 16:55:35 [notice] 1#1: exit
2021/12/14 09:17:17 [notice] 1#1: using the "epoll" event method
2021/12/14 09:17:17 [notice] 1#1: nginx/1.21.4
2021/12/14 09:17:17 [notice] 1#1: built by gcc 10.2.1 20210110 (Debian 10.2.1-6) 
2021/12/14 09:17:17 [notice] 1#1: OS: Linux 5.11.0-41-generic
2021/12/14 09:17:17 [notice] 1#1: getrlimit(RLIMIT_NOFILE): 1048576:1048576
2021/12/14 09:17:17 [notice] 1#1: start worker processes
2021/12/14 09:17:17 [notice] 1#1: start worker process 23
2021/12/14 09:17:17 [notice] 1#1: start worker process 24
2021/12/14 09:17:17 [notice] 1#1: start worker process 25
2021/12/14 09:17:17 [notice] 1#1: start worker process 26
2021/12/14 09:44:12 [notice] 1#1: signal 3 (SIGQUIT) received, shutting down
2021/12/14 09:44:12 [notice] 24#24: gracefully shutting down
2021/12/14 09:44:12 [notice] 24#24: exiting
2021/12/14 09:44:12 [notice] 24#24: exit
2021/12/14 09:44:12 [notice] 26#26: gracefully shutting down
2021/12/14 09:44:12 [notice] 26#26: exiting
2021/12/14 09:44:12 [notice] 26#26: exit
2021/12/14 09:44:12 [notice] 25#25: gracefully shutting down
2021/12/14 09:44:12 [notice] 25#25: exiting
2021/12/14 09:44:12 [notice] 25#25: exit
2021/12/14 09:44:12 [notice] 23#23: gracefully shutting down
2021/12/14 09:44:12 [notice] 23#23: exiting
2021/12/14 09:44:12 [notice] 23#23: exit
2021/12/14 09:44:12 [notice] 1#1: signal 17 (SIGCHLD) received from 24
2021/12/14 09:44:12 [notice] 1#1: worker process 24 exited with code 0
2021/12/14 09:44:12 [notice] 1#1: signal 29 (SIGIO) received
2021/12/14 09:44:12 [notice] 1#1: signal 17 (SIGCHLD) received from 26
2021/12/14 09:44:12 [notice] 1#1: worker process 25 exited with code 0
2021/12/14 09:44:12 [notice] 1#1: worker process 26 exited with code 0
2021/12/14 09:44:12 [notice] 1#1: signal 29 (SIGIO) received
2021/12/14 09:44:12 [notice] 1#1: signal 17 (SIGCHLD) received from 25
2021/12/14 09:44:12 [notice] 1#1: signal 17 (SIGCHLD) received from 23
2021/12/14 09:44:12 [notice] 1#1: worker process 23 exited with code 0
2021/12/14 09:44:12 [notice] 1#1: exit
2021/12/14 09:44:13 [notice] 1#1: using the "epoll" event method
2021/12/14 09:44:13 [notice] 1#1: nginx/1.21.4
2021/12/14 09:44:13 [notice] 1#1: built by gcc 10.2.1 20210110 (Debian 10.2.1-6) 
2021/12/14 09:44:13 [notice] 1#1: OS: Linux 5.11.0-41-generic
2021/12/14 09:44:13 [notice] 1#1: getrlimit(RLIMIT_NOFILE): 1048576:1048576
2021/12/14 09:44:13 [notice] 1#1: start worker processes
2021/12/14 09:44:13 [notice] 1#1: start worker process 24
2021/12/14 09:44:13 [notice] 1#1: start worker process 25
2021/12/14 09:44:13 [notice] 1#1: start worker process 26
2021/12/14 09:44:13 [notice] 1#1: start worker process 27
2021/12/14 09:44:21 [crit] 24#24: *1 connect() to unix:/var/run/php/php7.4-fpm.sock failed (2: No such file or directory) while connecting to upstream, client: 172.23.0.1, server: , request: "GET /login HTTP/1.1", upstream: "fastcgi://unix:/var/run/php/php7.4-fpm.sock:", host: "localhost"
2021/12/14 09:45:10 [crit] 24#24: *1 connect() to unix:/var/run/php/php7.4-fpm.sock failed (2: No such file or directory) while connecting to upstream, client: 172.23.0.1, server: , request: "GET /login HTTP/1.1", upstream: "fastcgi://unix:/var/run/php/php7.4-fpm.sock:", host: "localhost"
2021/12/14 09:45:10 [crit] 24#24: *1 connect() to unix:/var/run/php/php7.4-fpm.sock failed (2: No such file or directory) while connecting to upstream, client: 172.23.0.1, server: , request: "GET /login HTTP/1.1", upstream: "fastcgi://unix:/var/run/php/php7.4-fpm.sock:", host: "localhost"
2021/12/14 09:46:56 [notice] 1#1: signal 3 (SIGQUIT) received, shutting down
2021/12/14 09:46:56 [notice] 24#24: gracefully shutting down
2021/12/14 09:46:56 [notice] 24#24: exiting
2021/12/14 09:46:56 [notice] 26#26: gracefully shutting down
2021/12/14 09:46:56 [notice] 26#26: exiting
2021/12/14 09:46:56 [notice] 24#24: exit
2021/12/14 09:46:56 [notice] 26#26: exit
2021/12/14 09:46:56 [notice] 25#25: gracefully shutting down
2021/12/14 09:46:56 [notice] 27#27: gracefully shutting down
2021/12/14 09:46:56 [notice] 25#25: exiting
2021/12/14 09:46:56 [notice] 27#27: exiting
2021/12/14 09:46:56 [notice] 25#25: exit
2021/12/14 09:46:56 [notice] 27#27: exit
2021/12/14 09:46:56 [notice] 1#1: signal 17 (SIGCHLD) received from 27
2021/12/14 09:46:56 [notice] 1#1: worker process 27 exited with code 0
2021/12/14 09:46:56 [notice] 1#1: signal 29 (SIGIO) received
2021/12/14 09:46:56 [notice] 1#1: signal 17 (SIGCHLD) received from 26
2021/12/14 09:46:56 [notice] 1#1: worker process 26 exited with code 0
2021/12/14 09:46:56 [notice] 1#1: signal 29 (SIGIO) received
2021/12/14 09:46:56 [notice] 1#1: signal 17 (SIGCHLD) received from 24
2021/12/14 09:46:56 [notice] 1#1: worker process 24 exited with code 0
2021/12/14 09:46:56 [notice] 1#1: worker process 25 exited with code 0
2021/12/14 09:46:56 [notice] 1#1: exit
2021/12/14 09:46:57 [notice] 1#1: using the "epoll" event method
2021/12/14 09:46:57 [notice] 1#1: nginx/1.21.4
2021/12/14 09:46:57 [notice] 1#1: built by gcc 10.2.1 20210110 (Debian 10.2.1-6) 
2021/12/14 09:46:57 [notice] 1#1: OS: Linux 5.11.0-41-generic
2021/12/14 09:46:57 [notice] 1#1: getrlimit(RLIMIT_NOFILE): 1048576:1048576
2021/12/14 09:46:57 [notice] 1#1: start worker processes
2021/12/14 09:46:57 [notice] 1#1: start worker process 23
2021/12/14 09:46:57 [notice] 1#1: start worker process 24
2021/12/14 09:46:57 [notice] 1#1: start worker process 25
2021/12/14 09:46:57 [notice] 1#1: start worker process 26
2021/12/14 09:47:18 [notice] 1#1: signal 3 (SIGQUIT) received, shutting down
2021/12/14 09:47:18 [notice] 24#24: gracefully shutting down
2021/12/14 09:47:18 [notice] 23#23: gracefully shutting down
2021/12/14 09:47:18 [notice] 25#25: gracefully shutting down
2021/12/14 09:47:18 [notice] 23#23: exiting
2021/12/14 09:47:18 [notice] 25#25: exiting
2021/12/14 09:47:18 [notice] 23#23: exit
2021/12/14 09:47:18 [notice] 25#25: exit
2021/12/14 09:47:18 [notice] 26#26: gracefully shutting down
2021/12/14 09:47:18 [notice] 26#26: exiting
2021/12/14 09:47:18 [notice] 26#26: exit
2021/12/14 09:47:18 [notice] 1#1: signal 17 (SIGCHLD) received from 25
2021/12/14 09:47:18 [notice] 1#1: worker process 25 exited with code 0
2021/12/14 09:47:18 [notice] 1#1: signal 29 (SIGIO) received
2021/12/14 09:47:18 [notice] 1#1: signal 17 (SIGCHLD) received from 26
2021/12/14 09:47:18 [notice] 1#1: worker process 26 exited with code 0
2021/12/14 09:47:18 [notice] 1#1: signal 29 (SIGIO) received
2021/12/14 09:47:18 [notice] 1#1: signal 17 (SIGCHLD) received from 23
2021/12/14 09:47:18 [notice] 1#1: worker process 23 exited with code 0
2021/12/14 09:47:18 [notice] 1#1: signal 29 (SIGIO) received
2021/12/14 09:47:18 [notice] 24#24: exiting
2021/12/14 09:47:18 [notice] 24#24: exit
2021/12/14 09:47:19 [notice] 1#1: signal 17 (SIGCHLD) received from 24
2021/12/14 09:47:19 [notice] 1#1: worker process 24 exited with code 0
2021/12/14 09:47:19 [notice] 1#1: exit
2021/12/14 09:47:19 [notice] 1#1: using the "epoll" event method
2021/12/14 09:47:19 [notice] 1#1: nginx/1.21.4
2021/12/14 09:47:19 [notice] 1#1: built by gcc 10.2.1 20210110 (Debian 10.2.1-6) 
2021/12/14 09:47:19 [notice] 1#1: OS: Linux 5.11.0-41-generic
2021/12/14 09:47:19 [notice] 1#1: getrlimit(RLIMIT_NOFILE): 1048576:1048576
2021/12/14 09:47:19 [notice] 1#1: start worker processes
2021/12/14 09:47:19 [notice] 1#1: start worker process 23
2021/12/14 09:47:19 [notice] 1#1: start worker process 24
2021/12/14 09:47:19 [notice] 1#1: start worker process 25
2021/12/14 09:47:19 [notice] 1#1: start worker process 26
2021/12/14 09:49:41 [notice] 1#1: signal 3 (SIGQUIT) received, shutting down
2021/12/14 09:49:41 [notice] 25#25: gracefully shutting down
2021/12/14 09:49:41 [notice] 26#26: gracefully shutting down
2021/12/14 09:49:41 [notice] 25#25: exiting
2021/12/14 09:49:41 [notice] 26#26: exiting
2021/12/14 09:49:41 [notice] 25#25: exit
2021/12/14 09:49:41 [notice] 26#26: exit
2021/12/14 09:49:41 [notice] 24#24: gracefully shutting down
2021/12/14 09:49:41 [notice] 24#24: exiting
2021/12/14 09:49:41 [notice] 24#24: exit
2021/12/14 09:49:41 [notice] 23#23: gracefully shutting down
2021/12/14 09:49:41 [notice] 23#23: exiting
2021/12/14 09:49:41 [notice] 23#23: exit
2021/12/14 09:49:41 [notice] 1#1: signal 17 (SIGCHLD) received from 25
2021/12/14 09:49:41 [notice] 1#1: worker process 25 exited with code 0
2021/12/14 09:49:41 [notice] 1#1: signal 29 (SIGIO) received
2021/12/14 09:49:41 [notice] 1#1: signal 17 (SIGCHLD) received from 23
2021/12/14 09:49:41 [notice] 1#1: worker process 23 exited with code 0
2021/12/14 09:49:41 [notice] 1#1: worker process 24 exited with code 0
2021/12/14 09:49:41 [notice] 1#1: signal 17 (SIGCHLD) received from 24
2021/12/14 09:49:41 [notice] 1#1: signal 17 (SIGCHLD) received from 26
2021/12/14 09:49:41 [notice] 1#1: worker process 26 exited with code 0
2021/12/14 09:49:41 [notice] 1#1: exit
2021/12/14 09:49:42 [emerg] 1#1: host not found in upstream "app" in /etc/nginx/conf.d/push.conf:10
2021/12/14 09:50:08 [emerg] 1#1: host not found in upstream "app" in /etc/nginx/conf.d/push.conf:10
2021/12/14 09:50:43 [notice] 1#1: using the "epoll" event method
2021/12/14 09:50:43 [notice] 1#1: nginx/1.21.4
2021/12/14 09:50:43 [notice] 1#1: built by gcc 10.2.1 20210110 (Debian 10.2.1-6) 
2021/12/14 09:50:43 [notice] 1#1: OS: Linux 5.11.0-41-generic
2021/12/14 09:50:43 [notice] 1#1: getrlimit(RLIMIT_NOFILE): 1048576:1048576
2021/12/14 09:50:43 [notice] 1#1: start worker processes
2021/12/14 09:50:43 [notice] 1#1: start worker process 24
2021/12/14 09:50:43 [notice] 1#1: start worker process 25
2021/12/14 09:50:43 [notice] 1#1: start worker process 26
2021/12/14 09:50:43 [notice] 1#1: start worker process 27
2021/12/14 09:51:01 [error] 27#27: *2 directory index of "/var/www/html/" is forbidden, client: 172.23.0.1, server: , request: "GET / HTTP/1.1", host: "localhost"
2021/12/14 09:51:09 [notice] 1#1: signal 3 (SIGQUIT) received, shutting down
2021/12/14 09:51:09 [notice] 24#24: gracefully shutting down
2021/12/14 09:51:09 [notice] 25#25: gracefully shutting down
2021/12/14 09:51:09 [notice] 24#24: exiting
2021/12/14 09:51:09 [notice] 25#25: exiting
2021/12/14 09:51:09 [notice] 24#24: exit
2021/12/14 09:51:09 [notice] 25#25: exit
2021/12/14 09:51:09 [notice] 26#26: gracefully shutting down
2021/12/14 09:51:09 [notice] 26#26: exiting
2021/12/14 09:51:09 [notice] 26#26: exit
2021/12/14 09:51:09 [notice] 27#27: gracefully shutting down
2021/12/14 09:51:09 [notice] 27#27: exiting
2021/12/14 09:51:09 [notice] 27#27: exit
2021/12/14 09:51:10 [notice] 1#1: signal 17 (SIGCHLD) received from 24
2021/12/14 09:51:10 [notice] 1#1: worker process 24 exited with code 0
2021/12/14 09:51:10 [notice] 1#1: signal 29 (SIGIO) received
2021/12/14 09:51:10 [notice] 1#1: signal 17 (SIGCHLD) received from 26
2021/12/14 09:51:10 [notice] 1#1: worker process 26 exited with code 0
2021/12/14 09:51:10 [notice] 1#1: signal 29 (SIGIO) received
2021/12/14 09:51:10 [notice] 1#1: signal 17 (SIGCHLD) received from 25
2021/12/14 09:51:10 [notice] 1#1: worker process 25 exited with code 0
2021/12/14 09:51:10 [notice] 1#1: signal 29 (SIGIO) received
2021/12/14 09:51:10 [notice] 1#1: signal 17 (SIGCHLD) received from 27
2021/12/14 09:51:10 [notice] 1#1: worker process 27 exited with code 0
2021/12/14 09:51:10 [notice] 1#1: exit
2021/12/14 09:51:10 [notice] 1#1: using the "epoll" event method
2021/12/14 09:51:10 [notice] 1#1: nginx/1.21.4
2021/12/14 09:51:10 [notice] 1#1: built by gcc 10.2.1 20210110 (Debian 10.2.1-6) 
2021/12/14 09:51:10 [notice] 1#1: OS: Linux 5.11.0-41-generic
2021/12/14 09:51:10 [notice] 1#1: getrlimit(RLIMIT_NOFILE): 1048576:1048576
2021/12/14 09:51:10 [notice] 1#1: start worker processes
2021/12/14 09:51:10 [notice] 1#1: start worker process 23
2021/12/14 09:51:10 [notice] 1#1: start worker process 24
2021/12/14 09:51:10 [notice] 1#1: start worker process 25
2021/12/14 09:51:10 [notice] 1#1: start worker process 26
2021/12/14 16:59:22 [notice] 1#1: signal 3 (SIGQUIT) received, shutting down
2021/12/14 16:59:22 [notice] 25#25: gracefully shutting down
2021/12/14 16:59:22 [notice] 24#24: gracefully shutting down
2021/12/14 16:59:22 [notice] 24#24: exiting
2021/12/14 16:59:22 [notice] 25#25: exiting
2021/12/14 16:59:22 [notice] 24#24: exit
2021/12/14 16:59:22 [notice] 25#25: exit
2021/12/14 16:59:22 [notice] 23#23: gracefully shutting down
2021/12/14 16:59:22 [notice] 26#26: gracefully shutting down
2021/12/14 16:59:22 [notice] 23#23: exiting
2021/12/14 16:59:22 [notice] 26#26: exiting
2021/12/14 16:59:22 [notice] 23#23: exit
2021/12/14 16:59:22 [notice] 26#26: exit
2021/12/14 16:59:22 [notice] 1#1: signal 17 (SIGCHLD) received from 25
2021/12/14 16:59:22 [notice] 1#1: worker process 25 exited with code 0
2021/12/14 16:59:22 [notice] 1#1: worker process 26 exited with code 0
2021/12/14 16:59:22 [notice] 1#1: signal 29 (SIGIO) received
2021/12/14 16:59:22 [notice] 1#1: signal 17 (SIGCHLD) received from 23
2021/12/14 16:59:22 [notice] 1#1: worker process 23 exited with code 0
2021/12/14 16:59:22 [notice] 1#1: signal 29 (SIGIO) received
2021/12/14 16:59:22 [notice] 1#1: signal 17 (SIGCHLD) received from 24
2021/12/14 16:59:22 [notice] 1#1: worker process 24 exited with code 0
2021/12/14 16:59:22 [notice] 1#1: exit
2021/12/15 09:19:46 [notice] 1#1: using the "epoll" event method
2021/12/15 09:19:46 [notice] 1#1: nginx/1.21.4
2021/12/15 09:19:46 [notice] 1#1: built by gcc 10.2.1 20210110 (Debian 10.2.1-6) 
2021/12/15 09:19:46 [notice] 1#1: OS: Linux 5.11.0-41-generic
2021/12/15 09:19:46 [notice] 1#1: getrlimit(RLIMIT_NOFILE): 1048576:1048576
2021/12/15 09:19:46 [notice] 1#1: start worker processes
2021/12/15 09:19:46 [notice] 1#1: start worker process 25
2021/12/15 09:19:46 [notice] 1#1: start worker process 26
2021/12/15 09:19:46 [notice] 1#1: start worker process 27
2021/12/15 09:19:46 [notice] 1#1: start worker process 28
2021/12/15 16:57:04 [notice] 1#1: signal 3 (SIGQUIT) received, shutting down
2021/12/15 16:57:04 [notice] 28#28: gracefully shutting down
2021/12/15 16:57:04 [notice] 28#28: exiting
2021/12/15 16:57:04 [notice] 28#28: exit
2021/12/15 16:57:04 [notice] 26#26: gracefully shutting down
2021/12/15 16:57:04 [notice] 26#26: exiting
2021/12/15 16:57:04 [notice] 26#26: exit
2021/12/15 16:57:04 [notice] 25#25: gracefully shutting down
2021/12/15 16:57:04 [notice] 25#25: exiting
2021/12/15 16:57:04 [notice] 25#25: exit
2021/12/15 16:57:04 [notice] 27#27: gracefully shutting down
2021/12/15 16:57:04 [notice] 27#27: exiting
2021/12/15 16:57:04 [notice] 27#27: exit
2021/12/15 16:57:04 [notice] 1#1: signal 17 (SIGCHLD) received from 28
2021/12/15 16:57:04 [notice] 1#1: worker process 28 exited with code 0
2021/12/15 16:57:04 [notice] 1#1: signal 29 (SIGIO) received
2021/12/15 16:57:04 [notice] 1#1: signal 17 (SIGCHLD) received from 25
2021/12/15 16:57:04 [notice] 1#1: worker process 25 exited with code 0
2021/12/15 16:57:04 [notice] 1#1: signal 29 (SIGIO) received
2021/12/15 16:57:04 [notice] 1#1: signal 17 (SIGCHLD) received from 26
2021/12/15 16:57:04 [notice] 1#1: worker process 26 exited with code 0
2021/12/15 16:57:04 [notice] 1#1: signal 29 (SIGIO) received
2021/12/15 16:57:04 [notice] 1#1: signal 17 (SIGCHLD) received from 27
2021/12/15 16:57:04 [notice] 1#1: worker process 27 exited with code 0
2021/12/15 16:57:04 [notice] 1#1: exit
2021/12/16 09:11:33 [notice] 1#1: using the "epoll" event method
2021/12/16 09:11:33 [notice] 1#1: nginx/1.21.4
2021/12/16 09:11:33 [notice] 1#1: built by gcc 10.2.1 20210110 (Debian 10.2.1-6) 
2021/12/16 09:11:33 [notice] 1#1: OS: Linux 5.11.0-41-generic
2021/12/16 09:11:33 [notice] 1#1: getrlimit(RLIMIT_NOFILE): 1048576:1048576
2021/12/16 09:11:33 [notice] 1#1: start worker processes
2021/12/16 09:11:33 [notice] 1#1: start worker process 22
2021/12/16 09:11:33 [notice] 1#1: start worker process 23
2021/12/16 09:11:33 [notice] 1#1: start worker process 24
2021/12/16 09:11:33 [notice] 1#1: start worker process 25
2021/12/16 16:59:59 [notice] 1#1: signal 3 (SIGQUIT) received, shutting down
2021/12/16 16:59:59 [notice] 23#23: gracefully shutting down
2021/12/16 16:59:59 [notice] 25#25: gracefully shutting down
2021/12/16 16:59:59 [notice] 23#23: exiting
2021/12/16 16:59:59 [notice] 25#25: exiting
2021/12/16 16:59:59 [notice] 23#23: exit
2021/12/16 16:59:59 [notice] 25#25: exit
2021/12/16 16:59:59 [notice] 22#22: gracefully shutting down
2021/12/16 16:59:59 [notice] 24#24: gracefully shutting down
2021/12/16 16:59:59 [notice] 22#22: exiting
2021/12/16 16:59:59 [notice] 24#24: exiting
2021/12/16 16:59:59 [notice] 22#22: exit
2021/12/16 16:59:59 [notice] 24#24: exit
2021/12/16 16:59:59 [notice] 1#1: signal 17 (SIGCHLD) received from 23
2021/12/16 16:59:59 [notice] 1#1: worker process 23 exited with code 0
2021/12/16 16:59:59 [notice] 1#1: worker process 25 exited with code 0
2021/12/16 16:59:59 [notice] 1#1: signal 29 (SIGIO) received
2021/12/16 16:59:59 [notice] 1#1: signal 17 (SIGCHLD) received from 24
2021/12/16 16:59:59 [notice] 1#1: worker process 24 exited with code 0
2021/12/16 16:59:59 [notice] 1#1: signal 29 (SIGIO) received
2021/12/16 16:59:59 [notice] 1#1: signal 17 (SIGCHLD) received from 22
2021/12/16 16:59:59 [notice] 1#1: worker process 22 exited with code 0
2021/12/16 16:59:59 [notice] 1#1: exit
2021/12/17 09:43:11 [notice] 1#1: using the "epoll" event method
2021/12/17 09:43:11 [notice] 1#1: nginx/1.21.4
2021/12/17 09:43:11 [notice] 1#1: built by gcc 10.2.1 20210110 (Debian 10.2.1-6) 
2021/12/17 09:43:11 [notice] 1#1: OS: Linux 5.11.0-41-generic
2021/12/17 09:43:11 [notice] 1#1: getrlimit(RLIMIT_NOFILE): 1048576:1048576
2021/12/17 09:43:11 [notice] 1#1: start worker processes
2021/12/17 09:43:11 [notice] 1#1: start worker process 24
2021/12/17 09:43:11 [notice] 1#1: start worker process 25
2021/12/17 09:43:11 [notice] 1#1: start worker process 26
2021/12/17 09:43:11 [notice] 1#1: start worker process 27
2021/12/17 16:58:04 [notice] 1#1: signal 3 (SIGQUIT) received, shutting down
2021/12/17 16:58:04 [notice] 24#24: gracefully shutting down
2021/12/17 16:58:04 [notice] 27#27: gracefully shutting down
2021/12/17 16:58:04 [notice] 24#24: exiting
2021/12/17 16:58:04 [notice] 27#27: exiting
2021/12/17 16:58:04 [notice] 24#24: exit
2021/12/17 16:58:04 [notice] 27#27: exit
2021/12/17 16:58:04 [notice] 26#26: gracefully shutting down
2021/12/17 16:58:04 [notice] 25#25: gracefully shutting down
2021/12/17 16:58:04 [notice] 26#26: exiting
2021/12/17 16:58:04 [notice] 25#25: exiting
2021/12/17 16:58:04 [notice] 26#26: exit
2021/12/17 16:58:04 [notice] 25#25: exit
2021/12/17 16:58:04 [notice] 1#1: signal 17 (SIGCHLD) received from 25
2021/12/17 16:58:04 [notice] 1#1: worker process 24 exited with code 0
2021/12/17 16:58:04 [notice] 1#1: worker process 25 exited with code 0
2021/12/17 16:58:04 [notice] 1#1: signal 29 (SIGIO) received
2021/12/17 16:58:04 [notice] 1#1: signal 17 (SIGCHLD) received from 27
2021/12/17 16:58:04 [notice] 1#1: worker process 26 exited with code 0
2021/12/17 16:58:04 [notice] 1#1: worker process 27 exited with code 0
2021/12/17 16:58:04 [notice] 1#1: exit
2021/12/21 09:29:56 [notice] 1#1: using the "epoll" event method
2021/12/21 09:29:56 [notice] 1#1: nginx/1.21.4
2021/12/21 09:29:56 [notice] 1#1: built by gcc 10.2.1 20210110 (Debian 10.2.1-6) 
2021/12/21 09:29:56 [notice] 1#1: OS: Linux 5.11.0-43-generic
2021/12/21 09:29:56 [notice] 1#1: getrlimit(RLIMIT_NOFILE): 1048576:1048576
2021/12/21 09:29:56 [notice] 1#1: start worker processes
2021/12/21 09:29:56 [notice] 1#1: start worker process 23
2021/12/21 09:29:56 [notice] 1#1: start worker process 24
2021/12/21 09:29:56 [notice] 1#1: start worker process 25
2021/12/21 09:29:56 [notice] 1#1: start worker process 26
2021/12/21 17:08:48 [notice] 1#1: signal 3 (SIGQUIT) received, shutting down
2021/12/21 17:08:48 [notice] 23#23: gracefully shutting down
2021/12/21 17:08:48 [notice] 24#24: gracefully shutting down
2021/12/21 17:08:48 [notice] 25#25: gracefully shutting down
2021/12/21 17:08:48 [notice] 23#23: exiting
2021/12/21 17:08:48 [notice] 24#24: exiting
2021/12/21 17:08:48 [notice] 25#25: exiting
2021/12/21 17:08:48 [notice] 24#24: exit
2021/12/21 17:08:48 [notice] 25#25: exit
2021/12/21 17:08:48 [notice] 23#23: exit
2021/12/21 17:08:48 [notice] 26#26: gracefully shutting down
2021/12/21 17:08:48 [notice] 26#26: exiting
2021/12/21 17:08:48 [notice] 26#26: exit
2021/12/21 17:08:48 [notice] 1#1: signal 17 (SIGCHLD) received from 23
2021/12/21 17:08:48 [notice] 1#1: worker process 23 exited with code 0
2021/12/21 17:08:48 [notice] 1#1: signal 29 (SIGIO) received
2021/12/21 17:08:48 [notice] 1#1: signal 17 (SIGCHLD) received from 26
2021/12/21 17:08:48 [notice] 1#1: worker process 24 exited with code 0
2021/12/21 17:08:48 [notice] 1#1: worker process 25 exited with code 0
2021/12/21 17:08:48 [notice] 1#1: worker process 26 exited with code 0
2021/12/21 17:08:48 [notice] 1#1: exit
